#
# There is insufficient memory for the Java Runtime Environment to continue.
# Native memory allocation (malloc) failed to allocate 678608 bytes for Chunk::new
# Possible reasons:
#   The system is out of physical RAM or swap space
#   In 32 bit mode, the process size limit was hit
# Possible solutions:
#   Reduce memory load on the system
#   Increase physical memory or swap space
#   Check if swap backing store is full
#   Use 64 bit Java on a 64 bit OS
#   Decrease Java heap size (-Xmx/-Xms)
#   Decrease number of Java threads
#   Decrease Java thread stack sizes (-Xss)
#   Set larger code cache with -XX:ReservedCodeCacheSize=
# This output file may be truncated or incomplete.
#
#  Out of Memory Error (allocation.cpp:390), pid=9920, tid=0x000000000000090c
#
# JRE version: OpenJDK Runtime Environment (8.0_152-b01) (build 1.8.0_152-release-915-b01)
# Java VM: OpenJDK 64-Bit Server VM (25.152-b01 mixed mode windows-amd64 compressed oops)
# Failed to write core dump. Minidumps are not enabled by default on client versions of Windows
#

---------------  T H R E A D  ---------------

Current thread (0x000000001677f800):  JavaThread "C2 CompilerThread1" daemon [_thread_in_native, id=2316, stack(0x0000000017eb0000,0x0000000017fb0000)]

Stack: [0x0000000017eb0000,0x0000000017fb0000]
[error occurred during error reporting (printing stack bounds), id 0xc0000005]

Native frames: (J=compiled Java code, j=interpreted, Vv=VM code, C=native code)


Current CompileTask:
C2:  11134 3877       4       java.net.URLClassLoader$1::run (5 bytes)


---------------  P R O C E S S  ---------------

Java Threads: ( => current thread )
  0x000000001932c000 JavaThread "Memory manager" [_thread_blocked, id=7132, stack(0x0000000020dd0000,0x0000000020ed0000)]
  0x000000001932f000 JavaThread "build operations Thread 4" [_thread_blocked, id=6256, stack(0x00000000205d0000,0x00000000206d0000)]
  0x000000001932e800 JavaThread "build operations Thread 3" [_thread_blocked, id=2248, stack(0x00000000204d0000,0x00000000205d0000)]
  0x000000001932d000 JavaThread "build operations Thread 2" [_thread_blocked, id=2952, stack(0x00000000203d0000,0x00000000204d0000)]
  0x000000001932b800 JavaThread "build operations" [_thread_blocked, id=3404, stack(0x00000000202d0000,0x00000000203d0000)]
  0x0000000019330800 JavaThread "Cache worker for Artifact transforms cache (C:\Users\USER\.gradle\caches\transforms-1)" [_thread_blocked, id=8224, stack(0x000000001d760000,0x000000001d860000)]
  0x0000000019e7d000 JavaThread "Cache worker for file hash cache (C:\Users\USER\AndroidStudioProjects\Sunshine_V2\.gradle\4.1\fileHashes)" [_thread_blocked, id=8820, stack(0x000000001c290000,0x000000001c390000)]
  0x0000000019497000 JavaThread "File lock request listener" [_thread_in_native, id=5448, stack(0x000000001bf90000,0x000000001c090000)]
  0x0000000019496800 JavaThread "Cache worker for file hash cache (C:\Users\USER\.gradle\caches\4.1\fileHashes)" [_thread_blocked, id=5700, stack(0x000000001be90000,0x000000001bf90000)]
  0x00000000193e8800 JavaThread "Stdin handler" [_thread_blocked, id=10684, stack(0x000000001bd90000,0x000000001be90000)]
  0x0000000019352800 JavaThread "Asynchronous log dispatcher for DefaultDaemonConnection: socket connection from /127.0.0.1:51600 to /127.0.0.1:51601" [_thread_blocked, id=8280, stack(0x000000001bc90000,0x000000001bd90000)]
  0x0000000019213000 JavaThread "Daemon worker" [_thread_in_Java, id=3348, stack(0x000000001bb90000,0x000000001bc90000)]
  0x0000000019212800 JavaThread "Cancel handler" [_thread_blocked, id=7028, stack(0x000000001ba90000,0x000000001bb90000)]
  0x0000000019e06000 JavaThread "Handler for socket connection from /127.0.0.1:51600 to /127.0.0.1:51601" [_thread_in_native, id=8012, stack(0x000000001b790000,0x000000001b890000)]
  0x00000000195ea000 JavaThread "Daemon" [_thread_blocked, id=8968, stack(0x000000001b690000,0x000000001b790000)]
  0x00000000195e5800 JavaThread "Daemon periodic checks" [_thread_blocked, id=6080, stack(0x000000001b590000,0x000000001b690000)]
  0x000000001990e800 JavaThread "Incoming local TCP Connector on port 51600" [_thread_in_native, id=8712, stack(0x0000000019e80000,0x0000000019f80000)]
  0x00000000167db000 JavaThread "Service Thread" daemon [_thread_blocked, id=7400, stack(0x00000000184b0000,0x00000000185b0000)]
  0x0000000016789000 JavaThread "C1 CompilerThread2" daemon [_thread_blocked, id=8304, stack(0x0000000017fb0000,0x00000000180b0000)]
=>0x000000001677f800 JavaThread "C2 CompilerThread1" daemon [_thread_in_native, id=2316, stack(0x0000000017eb0000,0x0000000017fb0000)]
  0x000000001677d800 JavaThread "C2 CompilerThread0" daemon [_thread_in_native, id=5712, stack(0x0000000017db0000,0x0000000017eb0000)]
  0x000000001677b000 JavaThread "Attach Listener" daemon [_thread_blocked, id=7648, stack(0x0000000017cb0000,0x0000000017db0000)]
  0x0000000016779800 JavaThread "Signal Dispatcher" daemon [_thread_blocked, id=1760, stack(0x0000000017bb0000,0x0000000017cb0000)]
  0x0000000016768800 JavaThread "Finalizer" daemon [_thread_blocked, id=6192, stack(0x00000000179d0000,0x0000000017ad0000)]
  0x0000000002e01800 JavaThread "Reference Handler" daemon [_thread_blocked, id=7080, stack(0x00000000178d0000,0x00000000179d0000)]
  0x0000000002b6d800 JavaThread "main" [_thread_blocked, id=4728, stack(0x0000000002c10000,0x0000000002d10000)]

Other Threads:
  0x0000000016744800 VMThread [stack: 0x00000000177d0000,0x00000000178d0000] [id=8164]
  0x00000000167dd000 WatcherThread [stack: 0x00000000185b0000,0x00000000186b0000] [id=4112]

VM state:not at safepoint (normal execution)

VM Mutex/Monitor currently owned by a thread: None

Heap:
 PSYoungGen      total 101376K, used 31332K [0x00000000e0000000, 0x00000000e9480000, 0x0000000100000000)
  eden space 90112K, 34% used [0x00000000e0000000,0x00000000e1e991d0,0x00000000e5800000)
  from space 11264K, 0% used [0x00000000e5800000,0x00000000e5800000,0x00000000e6300000)
  to   space 12288K, 0% used [0x00000000e8880000,0x00000000e8880000,0x00000000e9480000)
 ParOldGen       total 100352K, used 16311K [0x00000000a0000000, 0x00000000a6200000, 0x00000000e0000000)
  object space 100352K, 16% used [0x00000000a0000000,0x00000000a0fedec0,0x00000000a6200000)
 Metaspace       used 38152K, capacity 38998K, committed 39168K, reserved 1083392K
  class space    used 5169K, capacity 5522K, committed 5632K, reserved 1048576K

Card table byte_map: [0x00000000121d0000,0x00000000124e0000] byte_map_base: 0x0000000011cd0000

Marking Bits: (ParMarkBitMap*) 0x0000000075363950
 Begin Bits: [0x0000000012ae0000, 0x00000000142e0000)
 End Bits:   [0x00000000142e0000, 0x0000000015ae0000)

Polling page: 0x00000000014d0000

CodeCache: size=245760Kb used=12307Kb max_used=12861Kb free=233452Kb
 bounds [0x0000000002e10000, 0x0000000003ac0000, 0x0000000011e10000]
 total_blobs=4289 nmethods=3580 adapters=622
 compilation: enabled

Compilation events (10 events):
Event: 11.123 Thread 0x0000000016789000 nmethod 4042 0x0000000003672950 code [0x0000000003672aa0, 0x0000000003672bb0]
Event: 11.123 Thread 0x0000000016789000 4045       1       org.gradle.model.internal.manage.schema.ModelProperty::getDeclaredBy (5 bytes)
Event: 11.123 Thread 0x0000000016789000 nmethod 4045 0x0000000003672690 code [0x00000000036727e0, 0x00000000036728f0]
Event: 11.123 Thread 0x0000000016789000 4049       1       org.gradle.model.internal.manage.schema.extract.ModelPropertyExtractionResult::getAccessors (5 bytes)
Event: 11.124 Thread 0x0000000016789000 nmethod 4049 0x00000000036723d0 code [0x0000000003672520, 0x0000000003672630]
Event: 11.124 Thread 0x0000000016789000 4050       3       java.util.HashMap::put (13 bytes)
Event: 11.124 Thread 0x0000000016789000 nmethod 4050 0x0000000003671d50 code [0x0000000003671ee0, 0x0000000003672298]
Event: 11.124 Thread 0x0000000016789000 4051       3       org.gradle.model.internal.method.WeaklyTypeReferencingMethod::hashCode (60 bytes)
Event: 11.124 Thread 0x0000000016789000 nmethod 4051 0x0000000003671590 code [0x0000000003671740, 0x0000000003671b38]
Event: 11.124 Thread 0x0000000016789000 4056       3       java.util.HashMap::putVal (300 bytes)

GC Heap History (10 events):
Event: 3.792 GC heap before
{Heap before GC invocations=5 (full 1):
 PSYoungGen      total 68608K, used 5108K [0x00000000e0000000, 0x00000000e4800000, 0x0000000100000000)
  eden space 63488K, 0% used [0x00000000e0000000,0x00000000e0000000,0x00000000e3e00000)
  from space 5120K, 99% used [0x00000000e4300000,0x00000000e47fd040,0x00000000e4800000)
  to   space 5120K, 0% used [0x00000000e3e00000,0x00000000e3e00000,0x00000000e4300000)
 ParOldGen       total 84992K, used 7397K [0x00000000a0000000, 0x00000000a5300000, 0x00000000e0000000)
  object space 84992K, 8% used [0x00000000a0000000,0x00000000a07394e0,0x00000000a5300000)
 Metaspace       used 20698K, capacity 21112K, committed 21248K, reserved 1067008K
  class space    used 2867K, capacity 3035K, committed 3072K, reserved 1048576K
Event: 3.840 GC heap after
Heap after GC invocations=5 (full 1):
 PSYoungGen      total 68608K, used 0K [0x00000000e0000000, 0x00000000e4800000, 0x0000000100000000)
  eden space 63488K, 0% used [0x00000000e0000000,0x00000000e0000000,0x00000000e3e00000)
  from space 5120K, 0% used [0x00000000e4300000,0x00000000e4300000,0x00000000e4800000)
  to   space 5120K, 0% used [0x00000000e3e00000,0x00000000e3e00000,0x00000000e4300000)
 ParOldGen       total 62976K, used 9119K [0x00000000a0000000, 0x00000000a3d80000, 0x00000000e0000000)
  object space 62976K, 14% used [0x00000000a0000000,0x00000000a08e7e60,0x00000000a3d80000)
 Metaspace       used 20698K, capacity 21112K, committed 21248K, reserved 1067008K
  class space    used 2867K, capacity 3035K, committed 3072K, reserved 1048576K
}
Event: 5.542 GC heap before
{Heap before GC invocations=6 (full 1):
 PSYoungGen      total 68608K, used 63102K [0x00000000e0000000, 0x00000000e4800000, 0x0000000100000000)
  eden space 63488K, 99% used [0x00000000e0000000,0x00000000e3d9fba0,0x00000000e3e00000)
  from space 5120K, 0% used [0x00000000e4300000,0x00000000e4300000,0x00000000e4800000)
  to   space 5120K, 0% used [0x00000000e3e00000,0x00000000e3e00000,0x00000000e4300000)
 ParOldGen       total 62976K, used 9119K [0x00000000a0000000, 0x00000000a3d80000, 0x00000000e0000000)
  object space 62976K, 14% used [0x00000000a0000000,0x00000000a08e7e60,0x00000000a3d80000)
 Metaspace       used 25569K, capacity 26042K, committed 26240K, reserved 1071104K
  class space    used 3531K, capacity 3710K, committed 3712K, reserved 1048576K
Event: 5.548 GC heap after
Heap after GC invocations=6 (full 1):
 PSYoungGen      total 68608K, used 5094K [0x00000000e0000000, 0x00000000e6d00000, 0x0000000100000000)
  eden space 63488K, 0% used [0x00000000e0000000,0x00000000e0000000,0x00000000e3e00000)
  from space 5120K, 99% used [0x00000000e3e00000,0x00000000e42f9980,0x00000000e4300000)
  to   space 10240K, 0% used [0x00000000e6300000,0x00000000e6300000,0x00000000e6d00000)
 ParOldGen       total 62976K, used 10927K [0x00000000a0000000, 0x00000000a3d80000, 0x00000000e0000000)
  object space 62976K, 17% used [0x00000000a0000000,0x00000000a0aabc18,0x00000000a3d80000)
 Metaspace       used 25569K, capacity 26042K, committed 26240K, reserved 1071104K
  class space    used 3531K, capacity 3710K, committed 3712K, reserved 1048576K
}
Event: 7.047 GC heap before
{Heap before GC invocations=7 (full 1):
 PSYoungGen      total 68608K, used 68582K [0x00000000e0000000, 0x00000000e6d00000, 0x0000000100000000)
  eden space 63488K, 100% used [0x00000000e0000000,0x00000000e3e00000,0x00000000e3e00000)
  from space 5120K, 99% used [0x00000000e3e00000,0x00000000e42f9980,0x00000000e4300000)
  to   space 10240K, 0% used [0x00000000e6300000,0x00000000e6300000,0x00000000e6d00000)
 ParOldGen       total 62976K, used 10927K [0x00000000a0000000, 0x00000000a3d80000, 0x00000000e0000000)
  object space 62976K, 17% used [0x00000000a0000000,0x00000000a0aabc18,0x00000000a3d80000)
 Metaspace       used 31092K, capacity 31722K, committed 32000K, reserved 1077248K
  class space    used 4298K, capacity 4580K, committed 4608K, reserved 1048576K
Event: 7.067 GC heap after
Heap after GC invocations=7 (full 1):
 PSYoungGen      total 100352K, used 9644K [0x00000000e0000000, 0x00000000e7080000, 0x0000000100000000)
  eden space 90112K, 0% used [0x00000000e0000000,0x00000000e0000000,0x00000000e5800000)
  from space 10240K, 94% used [0x00000000e6300000,0x00000000e6c6b208,0x00000000e6d00000)
  to   space 11264K, 0% used [0x00000000e5800000,0x00000000e5800000,0x00000000e6300000)
 ParOldGen       total 62976K, used 10935K [0x00000000a0000000, 0x00000000a3d80000, 0x00000000e0000000)
  object space 62976K, 17% used [0x00000000a0000000,0x00000000a0aadc18,0x00000000a3d80000)
 Metaspace       used 31092K, capacity 31722K, committed 32000K, reserved 1077248K
  class space    used 4298K, capacity 4580K, committed 4608K, reserved 1048576K
}
Event: 10.146 GC heap before
{Heap before GC invocations=8 (full 1):
 PSYoungGen      total 100352K, used 80407K [0x00000000e0000000, 0x00000000e7080000, 0x0000000100000000)
  eden space 90112K, 78% used [0x00000000e0000000,0x00000000e451ac30,0x00000000e5800000)
  from space 10240K, 94% used [0x00000000e6300000,0x00000000e6c6b208,0x00000000e6d00000)
  to   space 11264K, 0% used [0x00000000e5800000,0x00000000e5800000,0x00000000e6300000)
 ParOldGen       total 62976K, used 10935K [0x00000000a0000000, 0x00000000a3d80000, 0x00000000e0000000)
  object space 62976K, 17% used [0x00000000a0000000,0x00000000a0aadc18,0x00000000a3d80000)
 Metaspace       used 34494K, capacity 35304K, committed 35416K, reserved 1079296K
  class space    used 4705K, capacity 5034K, committed 5120K, reserved 1048576K
Event: 10.158 GC heap after
Heap after GC invocations=8 (full 1):
 PSYoungGen      total 101376K, used 10301K [0x00000000e0000000, 0x00000000e9480000, 0x0000000100000000)
  eden space 90112K, 0% used [0x00000000e0000000,0x00000000e0000000,0x00000000e5800000)
  from space 11264K, 91% used [0x00000000e5800000,0x00000000e620f488,0x00000000e6300000)
  to   space 12288K, 0% used [0x00000000e8880000,0x00000000e8880000,0x00000000e9480000)
 ParOldGen       total 62976K, used 11007K [0x00000000a0000000, 0x00000000a3d80000, 0x00000000e0000000)
  object space 62976K, 17% used [0x00000000a0000000,0x00000000a0abfc28,0x00000000a3d80000)
 Metaspace       used 34494K, capacity 35304K, committed 35416K, reserved 1079296K
  class space    used 4705K, capacity 5034K, committed 5120K, reserved 1048576K
}
Event: 10.158 GC heap before
{Heap before GC invocations=9 (full 2):
 PSYoungGen      total 101376K, used 10301K [0x00000000e0000000, 0x00000000e9480000, 0x0000000100000000)
  eden space 90112K, 0% used [0x00000000e0000000,0x00000000e0000000,0x00000000e5800000)
  from space 11264K, 91% used [0x00000000e5800000,0x00000000e620f488,0x00000000e6300000)
  to   space 12288K, 0% used [0x00000000e8880000,0x00000000e8880000,0x00000000e9480000)
 ParOldGen       total 62976K, used 11007K [0x00000000a0000000, 0x00000000a3d80000, 0x00000000e0000000)
  object space 62976K, 17% used [0x00000000a0000000,0x00000000a0abfc28,0x00000000a3d80000)
 Metaspace       used 34494K, capacity 35304K, committed 35416K, reserved 1079296K
  class space    used 4705K, capacity 5034K, committed 5120K, reserved 1048576K
Event: 10.269 GC heap after
Heap after GC invocations=9 (full 2):
 PSYoungGen      total 101376K, used 0K [0x00000000e0000000, 0x00000000e9480000, 0x0000000100000000)
  eden space 90112K, 0% used [0x00000000e0000000,0x00000000e0000000,0x00000000e5800000)
  from space 11264K, 0% used [0x00000000e5800000,0x00000000e5800000,0x00000000e6300000)
  to   space 12288K, 0% used [0x00000000e8880000,0x00000000e8880000,0x00000000e9480000)
 ParOldGen       total 100352K, used 16311K [0x00000000a0000000, 0x00000000a6200000, 0x00000000e0000000)
  object space 100352K, 16% used [0x00000000a0000000,0x00000000a0fedec0,0x00000000a6200000)
 Metaspace       used 34494K, capacity 35304K, committed 35416K, reserved 1079296K
  class space    used 4705K, capacity 5034K, committed 5120K, reserved 1048576K
}

Deoptimization events (10 events):
Event: 9.993 Thread 0x0000000019213000 Uncommon trap: reason=unstable_if action=reinterpret pc=0x000000000393b394 method=groovy.lang.MetaClassImpl$1MOPIter.methodNameAction(Ljava/lang/Class;Lorg/codehaus/groovy/runtime/metaclass/MetaMethodIndex$Entry;)V @ 259
Event: 10.144 Thread 0x0000000019213000 Uncommon trap: reason=unstable_if action=reinterpret pc=0x00000000039cd150 method=java.lang.Integer.valueOf(I)Ljava/lang/Integer; @ 3
Event: 10.270 Thread 0x0000000019213000 Uncommon trap: reason=predicate action=maybe_recompile pc=0x00000000037c3ebc method=java.util.Arrays.binarySearch0([Ljava/lang/Object;IILjava/lang/Object;Ljava/util/Comparator;)I @ 28
Event: 10.270 Thread 0x0000000019213000 Uncommon trap: reason=predicate action=maybe_recompile pc=0x00000000037b1194 method=java.util.Arrays.binarySearch0([Ljava/lang/Object;IILjava/lang/Object;Ljava/util/Comparator;)I @ 28
Event: 10.353 Thread 0x0000000019213000 Uncommon trap: reason=unstable_if action=reinterpret pc=0x00000000033aff74 method=sun.misc.MetaIndex.mayContain(Ljava/lang/String;)Z @ 38
Event: 10.936 Thread 0x0000000019213000 Uncommon trap: reason=unstable_if action=reinterpret pc=0x0000000003759eac method=java.util.concurrent.ConcurrentHashMap.get(Ljava/lang/Object;)Ljava/lang/Object; @ 76
Event: 11.108 Thread 0x0000000019213000 Uncommon trap: reason=unstable_if action=reinterpret pc=0x00000000031f9e58 method=java.util.HashMap.removeNode(ILjava/lang/Object;Ljava/lang/Object;ZZ)Ljava/util/HashMap$Node; @ 58
Event: 11.123 Thread 0x0000000019213000 Uncommon trap: reason=unstable_if action=reinterpret pc=0x00000000037ab8b8 method=java.util.HashMap.putVal(ILjava/lang/Object;Ljava/lang/Object;ZZ)Ljava/lang/Object; @ 162
Event: 11.123 Thread 0x0000000019213000 Uncommon trap: reason=unstable_if action=reinterpret pc=0x000000000382a628 method=java.util.HashMap.putVal(ILjava/lang/Object;Ljava/lang/Object;ZZ)Ljava/lang/Object; @ 162
Event: 11.123 Thread 0x0000000019213000 Uncommon trap: reason=unstable_if action=reinterpret pc=0x00000000032c2c38 method=java.util.HashMap.resize()[Ljava/util/HashMap$Node; @ 206

Classes redefined (0 events):
No events

Internal exceptions (10 events):
Event: 9.995 Thread 0x0000000019213000 Exception <a 'java/lang/ClassNotFoundException': org/gradle/api/internal/project/DefaultAntBuilderBeanInfo> (0x00000000e40b1d58) thrown at [D:\src\AOSP-openjdk-cygwin\jdk8u\hotspot\src\share\vm\classfile\systemDictionary.cpp, line 210]
Event: 9.996 Thread 0x0000000019213000 Exception <a 'java/lang/ClassNotFoundException': org/gradle/api/internal/project/ant/BasicAntBuilderBeanInfo> (0x00000000e40dfc00) thrown at [D:\src\AOSP-openjdk-cygwin\jdk8u\hotspot\src\share\vm\classfile\systemDictionary.cpp, line 210]
Event: 9.997 Thread 0x0000000019213000 Exception <a 'java/lang/ClassNotFoundException': org/gradle/api/AntBuilderBeanInfo> (0x00000000e4100178) thrown at [D:\src\AOSP-openjdk-cygwin\jdk8u\hotspot\src\share\vm\classfile\systemDictionary.cpp, line 210]
Event: 9.999 Thread 0x0000000019213000 Exception <a 'java/lang/ClassNotFoundException': groovy/util/AntBuilderBeanInfo> (0x00000000e411f1d0) thrown at [D:\src\AOSP-openjdk-cygwin\jdk8u\hotspot\src\share\vm\classfile\systemDictionary.cpp, line 210]
Event: 10.000 Thread 0x0000000019213000 Exception <a 'java/lang/ClassNotFoundException': groovy/util/BuilderSupportBeanInfo> (0x00000000e413f720) thrown at [D:\src\AOSP-openjdk-cygwin\jdk8u\hotspot\src\share\vm\classfile\systemDictionary.cpp, line 210]
Event: 10.001 Thread 0x0000000019213000 Exception <a 'java/lang/ClassNotFoundException': groovy/util/BuilderSupportCustomizer> (0x00000000e4161b00) thrown at [D:\src\AOSP-openjdk-cygwin\jdk8u\hotspot\src\share\vm\classfile\systemDictionary.cpp, line 210]
Event: 10.002 Thread 0x0000000019213000 Exception <a 'java/lang/ClassNotFoundException': groovy/util/AntBuilderCustomizer> (0x00000000e4184cd8) thrown at [D:\src\AOSP-openjdk-cygwin\jdk8u\hotspot\src\share\vm\classfile\systemDictionary.cpp, line 210]
Event: 10.004 Thread 0x0000000019213000 Exception <a 'java/lang/ClassNotFoundException': org/gradle/api/AntBuilderCustomizer> (0x00000000e41ad0b8) thrown at [D:\src\AOSP-openjdk-cygwin\jdk8u\hotspot\src\share\vm\classfile\systemDictionary.cpp, line 210]
Event: 10.006 Thread 0x0000000019213000 Exception <a 'java/lang/ClassNotFoundException': org/gradle/api/internal/project/ant/BasicAntBuilderCustomizer> (0x00000000e41e9420) thrown at [D:\src\AOSP-openjdk-cygwin\jdk8u\hotspot\src\share\vm\classfile\systemDictionary.cpp, line 210]
Event: 10.008 Thread 0x0000000019213000 Exception <a 'java/lang/ClassNotFoundException': org/gradle/api/internal/project/DefaultAntBuilderCustomizer> (0x00000000e422c550) thrown at [D:\src\AOSP-openjdk-cygwin\jdk8u\hotspot\src\share\vm\classfile\systemDictionary.cpp, line 210]

Events (10 events):
Event: 11.108 Thread 0x0000000019213000 DEOPT UNPACKING pc=0x0000000002e5556a sp=0x000000001bc89fa0 mode 2
Event: 11.123 Thread 0x0000000019213000 Uncommon trap: trap_request=0xffffff65 fr.pc=0x00000000037ab8b8
Event: 11.123 Thread 0x0000000019213000 DEOPT PACKING pc=0x00000000037ab8b8 sp=0x000000001bc8a000
Event: 11.123 Thread 0x0000000019213000 DEOPT UNPACKING pc=0x0000000002e5556a sp=0x000000001bc89f00 mode 2
Event: 11.123 Thread 0x0000000019213000 Uncommon trap: trap_request=0xffffff65 fr.pc=0x000000000382a628
Event: 11.123 Thread 0x0000000019213000 DEOPT PACKING pc=0x000000000382a628 sp=0x000000001bc89f60
Event: 11.123 Thread 0x0000000019213000 DEOPT UNPACKING pc=0x0000000002e5556a sp=0x000000001bc89ef8 mode 2
Event: 11.123 Thread 0x0000000019213000 Uncommon trap: trap_request=0xffffff65 fr.pc=0x00000000032c2c38
Event: 11.123 Thread 0x0000000019213000 DEOPT PACKING pc=0x00000000032c2c38 sp=0x000000001bc89ed0
Event: 11.123 Thread 0x0000000019213000 DEOPT UNPACKING pc=0x0000000002e5556a sp=0x000000001bc89e40 mode 2


Dynamic libraries:
0x00007ff70ebf0000 - 0x00007ff70ec21000 	C:\Program Files\Android\Android Studio\jre\bin\java.exe
0x00007ff9882b0000 - 0x00007ff988472000 	C:\Windows\SYSTEM32\ntdll.dll
0x00007ff9849d0000 - 0x00007ff984a7d000 	C:\Windows\system32\KERNEL32.DLL
0x00007ff984360000 - 0x00007ff98453d000 	C:\Windows\system32\KERNELBASE.dll
0x00007ff984920000 - 0x00007ff9849c6000 	C:\Windows\system32\ADVAPI32.dll
0x00007ff985320000 - 0x00007ff9853bd000 	C:\Windows\system32\msvcrt.dll
0x00007ff984ff0000 - 0x00007ff98504b000 	C:\Windows\system32\sechost.dll
0x00007ff9845f0000 - 0x00007ff984716000 	C:\Windows\system32\RPCRT4.dll
0x00007ff9868f0000 - 0x00007ff986a3e000 	C:\Windows\system32\USER32.dll
0x00007ff986be0000 - 0x00007ff986d65000 	C:\Windows\system32\GDI32.dll
0x00007ff97ab70000 - 0x00007ff97ade4000 	C:\Windows\WinSxS\amd64_microsoft.windows.common-controls_6595b64144ccf1df_6.0.10240.16384_none_f41f7b285750ef43\COMCTL32.dll
0x00007ff9852d0000 - 0x00007ff985306000 	C:\Windows\system32\IMM32.DLL
0x00007ff984b10000 - 0x00007ff984c6c000 	C:\Windows\system32\MSCTF.dll
0x00000000759a0000 - 0x0000000075a72000 	C:\Program Files\Android\Android Studio\jre\jre\bin\msvcr100.dll
0x0000000074ba0000 - 0x00000000753de000 	C:\Program Files\Android\Android Studio\jre\jre\bin\server\jvm.dll
0x00007ff984ae0000 - 0x00007ff984ae8000 	C:\Windows\system32\PSAPI.DLL
0x00007ff97ab60000 - 0x00007ff97ab6a000 	C:\Windows\SYSTEM32\VERSION.dll
0x00007ff988260000 - 0x00007ff988269000 	C:\Windows\SYSTEM32\WSOCK32.dll
0x00007ff97b570000 - 0x00007ff97b593000 	C:\Windows\SYSTEM32\WINMM.dll
0x00007ff986e50000 - 0x00007ff986eb9000 	C:\Windows\system32\WS2_32.dll
0x00007ff986b60000 - 0x00007ff986b68000 	C:\Windows\system32\NSI.dll
0x0000000000ef0000 - 0x0000000000f1c000 	C:\Windows\SYSTEM32\WINMMBASE.dll
0x00007ff984020000 - 0x00007ff984064000 	C:\Windows\system32\cfgmgr32.dll
0x00007ff9822c0000 - 0x00007ff9822e7000 	C:\Windows\SYSTEM32\DEVOBJ.dll
0x00007ff987630000 - 0x00007ff98763f000 	C:\Program Files\Android\Android Studio\jre\jre\bin\verify.dll
0x00007ff980a00000 - 0x00007ff980a29000 	C:\Program Files\Android\Android Studio\jre\jre\bin\java.dll
0x00007ff982050000 - 0x00007ff982066000 	C:\Program Files\Android\Android Studio\jre\jre\bin\zip.dll
0x00007ff9853c0000 - 0x00007ff9868e5000 	C:\Windows\system32\SHELL32.dll
0x00007ff9839f0000 - 0x00007ff984018000 	C:\Windows\system32\windows.storage.dll
0x00007ff985050000 - 0x00007ff9852cc000 	C:\Windows\system32\combase.dll
0x00007ff986a40000 - 0x00007ff986a91000 	C:\Windows\system32\shlwapi.dll
0x00007ff9839e0000 - 0x00007ff9839ef000 	C:\Windows\system32\kernel.appcore.dll
0x00007ff9842a0000 - 0x00007ff984353000 	C:\Windows\system32\shcore.dll
0x00007ff983970000 - 0x00007ff9839ba000 	C:\Windows\system32\powrprof.dll
0x00007ff983950000 - 0x00007ff983963000 	C:\Windows\system32\profapi.dll
0x00007ff9809e0000 - 0x00007ff9809fa000 	C:\Program Files\Android\Android Studio\jre\jre\bin\net.dll
0x00007ff9831c0000 - 0x00007ff98321d000 	C:\Windows\system32\mswsock.dll
0x00007ff9809c0000 - 0x00007ff9809d1000 	C:\Program Files\Android\Android Studio\jre\jre\bin\nio.dll
0x00007ff97fd90000 - 0x00007ff97fdae000 	C:\Users\USER\.gradle\native\25\windows-amd64\native-platform.dll
0x00007ff987620000 - 0x00007ff98762d000 	C:\Program Files\Android\Android Studio\jre\jre\bin\management.dll
0x00007ff983350000 - 0x00007ff983367000 	C:\Windows\SYSTEM32\CRYPTSP.dll
0x00007ff983490000 - 0x00007ff9834b8000 	C:\Windows\SYSTEM32\bcrypt.dll
0x00007ff982e40000 - 0x00007ff982e73000 	C:\Windows\system32\rsaenh.dll
0x00007ff982f10000 - 0x00007ff982f2f000 	C:\Windows\SYSTEM32\USERENV.dll
0x00007ff9837a0000 - 0x00007ff98380b000 	C:\Windows\system32\bcryptprimitives.dll
0x00007ff983390000 - 0x00007ff98339b000 	C:\Windows\SYSTEM32\CRYPTBASE.dll
0x00007ff97e9b0000 - 0x00007ff97e9e8000 	C:\Windows\SYSTEM32\IPHLPAPI.DLL
0x00007ff97eb60000 - 0x00007ff97eb6b000 	C:\Windows\SYSTEM32\WINNSI.DLL
0x00007ff97e7e0000 - 0x00007ff97e7f6000 	C:\Windows\SYSTEM32\dhcpcsvc6.DLL
0x00007ff97e7c0000 - 0x00007ff97e7da000 	C:\Windows\SYSTEM32\dhcpcsvc.DLL

VM Arguments:
jvm_args: -Xmx1536m -Dfile.encoding=windows-1252 -Duser.country=US -Duser.language=en -Duser.variant 
java_command: org.gradle.launcher.daemon.bootstrap.GradleDaemon 4.1
java_class_path (initial): C:\Users\USER\.gradle\wrapper\dists\gradle-4.1-all\bzyivzo6n839fup2jbap0tjew\gradle-4.1\lib\gradle-launcher-4.1.jar
Launcher Type: SUN_STANDARD

Environment Variables:
PATH=C:\Windows\system32;C:\Windows;C:\Windows\System32\Wbem;C:\Windows\System32\WindowsPowerShell\v1.0\;C:\Program Files\Git\cmd
USERNAME=USER
OS=Windows_NT
PROCESSOR_IDENTIFIER=Intel64 Family 6 Model 58 Stepping 9, GenuineIntel



---------------  S Y S T E M  ---------------

OS: Windows 10.0 , 64 bit Build 10240 (10.0.10240.16384)

CPU:total 4 (initial active 4) (2 cores per cpu, 2 threads per core) family 6 model 58 stepping 9, cmov, cx8, fxsr, mmx, sse, sse2, sse3, ssse3, sse4.1, sse4.2, popcnt, avx, aes, clmul, erms, ht, tsc, tscinvbit, tscinv

Memory: 4k page, physical 8104040k(2530140k free), swap 33269864k(5496k free)

vm_info: OpenJDK 64-Bit Server VM (25.152-b01) for windows-amd64 JRE (1.8.0_152-release-915-b01), built by "builder" with MS VC++ 10.0 (VS2010)

time: Mon Jan 22 22:07:46 2018
elapsed time: 11 seconds (0d 0h 0m 11s)

