#
# There is insufficient memory for the Java Runtime Environment to continue.
# Native memory allocation (malloc) failed to allocate 32744 bytes for ChunkPool::allocate
# Possible reasons:
#   The system is out of physical RAM or swap space
#   In 32 bit mode, the process size limit was hit
# Possible solutions:
#   Reduce memory load on the system
#   Increase physical memory or swap space
#   Check if swap backing store is full
#   Use 64 bit Java on a 64 bit OS
#   Decrease Java heap size (-Xmx/-Xms)
#   Decrease number of Java threads
#   Decrease Java thread stack sizes (-Xss)
#   Set larger code cache with -XX:ReservedCodeCacheSize=
# This output file may be truncated or incomplete.
#
#  Out of Memory Error (allocation.cpp:273), pid=9520, tid=0x00000000000024d8
#
# JRE version: OpenJDK Runtime Environment (8.0_152-b01) (build 1.8.0_152-release-915-b01)
# Java VM: OpenJDK 64-Bit Server VM (25.152-b01 mixed mode windows-amd64 compressed oops)
# Failed to write core dump. Minidumps are not enabled by default on client versions of Windows
#

---------------  T H R E A D  ---------------

Current thread (0x0000000015d08800):  JavaThread "C2 CompilerThread0" daemon [_thread_in_native, id=9432, stack(0x0000000017350000,0x0000000017450000)]

Stack: [0x0000000017350000,0x0000000017450000]
[error occurred during error reporting (printing stack bounds), id 0xc0000005]

Native frames: (J=compiled Java code, j=interpreted, Vv=VM code, C=native code)


Current CompileTask:
C2:  25906 4560       4       org.objectweb.asm.Type::getArgumentTypes (131 bytes)


---------------  P R O C E S S  ---------------

Java Threads: ( => current thread )
  0x0000000017dd2800 JavaThread "Memory manager" [_thread_blocked, id=852, stack(0x00000000203c0000,0x00000000204c0000)]
  0x0000000017dd1000 JavaThread "build operations Thread 4" [_thread_blocked, id=8964, stack(0x000000001fcc0000,0x000000001fdc0000)]
  0x0000000017dcd800 JavaThread "build operations Thread 3" [_thread_blocked, id=5164, stack(0x000000001fbc0000,0x000000001fcc0000)]
  0x0000000017dd0800 JavaThread "build operations Thread 2" [_thread_blocked, id=10592, stack(0x000000001fac0000,0x000000001fbc0000)]
  0x0000000017dcf800 JavaThread "build operations" [_thread_blocked, id=2156, stack(0x000000001f8c0000,0x000000001f9c0000)]
  0x0000000017dcf000 JavaThread "Cache worker for Artifact transforms cache (C:\Users\USER\.gradle\caches\transforms-1)" [_thread_blocked, id=10544, stack(0x000000001dbd0000,0x000000001dcd0000)]
  0x0000000018b5d000 JavaThread "Cache worker for file hash cache (C:\Users\USER\AndroidStudioProjects\Sunshine_V2\.gradle\4.1\fileHashes)" [_thread_blocked, id=3540, stack(0x000000001dd00000,0x000000001de00000)]
  0x0000000019365000 JavaThread "File lock request listener" [_thread_in_native, id=900, stack(0x000000001b530000,0x000000001b630000)]
  0x0000000018e16800 JavaThread "Cache worker for file hash cache (C:\Users\USER\.gradle\caches\4.1\fileHashes)" [_thread_blocked, id=9700, stack(0x000000001b430000,0x000000001b530000)]
  0x0000000018f0d000 JavaThread "Stdin handler" [_thread_blocked, id=8636, stack(0x000000001b330000,0x000000001b430000)]
  0x0000000018adc000 JavaThread "Asynchronous log dispatcher for DefaultDaemonConnection: socket connection from /127.0.0.1:51563 to /127.0.0.1:51564" [_thread_blocked, id=9556, stack(0x000000001b230000,0x000000001b330000)]
  0x0000000018dcb000 JavaThread "Daemon worker" [_thread_in_Java, id=4212, stack(0x000000001b130000,0x000000001b230000)]
  0x0000000018f0f800 JavaThread "Cancel handler" [_thread_blocked, id=4472, stack(0x000000001b030000,0x000000001b130000)]
  0x0000000018a7e000 JavaThread "Handler for socket connection from /127.0.0.1:51563 to /127.0.0.1:51564" [_thread_in_native, id=6500, stack(0x000000001ad30000,0x000000001ae30000)]
  0x0000000019228000 JavaThread "Daemon" [_thread_blocked, id=856, stack(0x000000001ac30000,0x000000001ad30000)]
  0x0000000018aa4000 JavaThread "Daemon periodic checks" [_thread_blocked, id=724, stack(0x000000001ab30000,0x000000001ac30000)]
  0x0000000018e97800 JavaThread "Incoming local TCP Connector on port 51563" [_thread_in_native, id=6932, stack(0x0000000019420000,0x0000000019520000)]
  0x0000000017672800 JavaThread "Service Thread" daemon [_thread_blocked, id=8680, stack(0x0000000017a50000,0x0000000017b50000)]
  0x0000000015d18800 JavaThread "C1 CompilerThread2" daemon [_thread_blocked, id=5680, stack(0x0000000017550000,0x0000000017650000)]
  0x0000000015d0a800 JavaThread "C2 CompilerThread1" daemon [_thread_in_native, id=2964, stack(0x0000000017450000,0x0000000017550000)]
=>0x0000000015d08800 JavaThread "C2 CompilerThread0" daemon [_thread_in_native, id=9432, stack(0x0000000017350000,0x0000000017450000)]
  0x0000000015d17000 JavaThread "Attach Listener" daemon [_thread_blocked, id=4264, stack(0x0000000017250000,0x0000000017350000)]
  0x0000000015d13800 JavaThread "Signal Dispatcher" daemon [_thread_blocked, id=2008, stack(0x0000000017150000,0x0000000017250000)]
  0x000000000239c000 JavaThread "Finalizer" daemon [_thread_blocked, id=704, stack(0x0000000016f70000,0x0000000017070000)]
  0x0000000002391000 JavaThread "Reference Handler" daemon [_thread_blocked, id=7300, stack(0x0000000016e70000,0x0000000016f70000)]
  0x000000000221d800 JavaThread "main" [_thread_blocked, id=6852, stack(0x0000000002110000,0x0000000002210000)]

Other Threads:
  0x0000000015cd5000 VMThread [stack: 0x0000000016d70000,0x0000000016e70000] [id=7704]
  0x0000000017674800 WatcherThread [stack: 0x0000000017b50000,0x0000000017c50000] [id=1528]

VM state:not at safepoint (normal execution)

VM Mutex/Monitor currently owned by a thread: None

Heap:
 PSYoungGen      total 77824K, used 65620K [0x00000000e0000000, 0x00000000e5700000, 0x0000000100000000)
  eden space 66560K, 98% used [0x00000000e0000000,0x00000000e4015210,0x00000000e4100000)
  from space 11264K, 0% used [0x00000000e4100000,0x00000000e4100000,0x00000000e4c00000)
  to   space 9728K, 0% used [0x00000000e4d80000,0x00000000e4d80000,0x00000000e5700000)
 ParOldGen       total 65536K, used 16219K [0x00000000a0000000, 0x00000000a4000000, 0x00000000e0000000)
  object space 65536K, 24% used [0x00000000a0000000,0x00000000a0fd6e88,0x00000000a4000000)
 Metaspace       used 40087K, capacity 40976K, committed 41344K, reserved 1085440K
  class space    used 5383K, capacity 5751K, committed 5760K, reserved 1048576K

Card table byte_map: [0x0000000011760000,0x0000000011a70000] byte_map_base: 0x0000000011260000

Marking Bits: (ParMarkBitMap*) 0x0000000075363950
 Begin Bits: [0x0000000012070000, 0x0000000013870000)
 End Bits:   [0x0000000013870000, 0x0000000015070000)

Polling page: 0x0000000002220000

CodeCache: size=245760Kb used=14112Kb max_used=14124Kb free=231647Kb
 bounds [0x00000000023a0000, 0x0000000003180000, 0x00000000113a0000]
 total_blobs=4730 nmethods=4013 adapters=629
 compilation: enabled

Compilation events (10 events):
Event: 25.831 Thread 0x0000000015d18800 nmethod 4555 0x00000000031709d0 code [0x0000000003170b80, 0x00000000031711c8]
Event: 25.841 Thread 0x0000000015d18800 4556       3       java.lang.ClassLoader::compareCerts (149 bytes)
Event: 25.842 Thread 0x0000000015d18800 nmethod 4556 0x0000000003171f10 code [0x00000000031720e0, 0x0000000003172978]
Event: 25.870 Thread 0x0000000015d18800 4557       3       java.security.CodeSource::getCertificates (98 bytes)
Event: 25.871 Thread 0x0000000015d18800 nmethod 4557 0x0000000003172c50 code [0x0000000003172e60, 0x00000000031739c8]
Event: 25.878 Thread 0x0000000015d18800 4558       3       org.gradle.api.internal.AsmBackedClassGenerator$ClassBuilderImpl::addGetter (50 bytes)
Event: 25.878 Thread 0x0000000015d18800 nmethod 4558 0x0000000003173d90 code [0x0000000003173f40, 0x00000000031744b8]
Event: 25.881 Thread 0x0000000015d08800 4559       4       java.lang.AbstractStringBuilder::append (40 bytes)
Event: 25.886 Thread 0x0000000015d08800 nmethod 4559 0x0000000003177750 code [0x00000000031778a0, 0x0000000003177cb8]
Event: 25.887 Thread 0x0000000015d08800 4560       4       org.objectweb.asm.Type::getArgumentTypes (131 bytes)

GC Heap History (10 events):
Event: 9.850 GC heap before
{Heap before GC invocations=7 (full 1):
 PSYoungGen      total 36864K, used 35228K [0x00000000e0000000, 0x00000000e4100000, 0x0000000100000000)
  eden space 31744K, 100% used [0x00000000e0000000,0x00000000e1f00000,0x00000000e1f00000)
  from space 5120K, 68% used [0x00000000e1f00000,0x00000000e2267310,0x00000000e2400000)
  to   space 11264K, 0% used [0x00000000e3600000,0x00000000e3600000,0x00000000e4100000)
 ParOldGen       total 65536K, used 9095K [0x00000000a0000000, 0x00000000a4000000, 0x00000000e0000000)
  object space 65536K, 13% used [0x00000000a0000000,0x00000000a08e1fd0,0x00000000a4000000)
 Metaspace       used 26075K, capacity 26586K, committed 26880K, reserved 1073152K
  class space    used 3538K, capacity 3742K, committed 3840K, reserved 1048576K
Event: 9.896 GC heap after
Heap after GC invocations=7 (full 1):
 PSYoungGen      total 55808K, used 5108K [0x00000000e0000000, 0x00000000e4400000, 0x0000000100000000)
  eden space 44544K, 0% used [0x00000000e0000000,0x00000000e0000000,0x00000000e2b80000)
  from space 11264K, 45% used [0x00000000e3600000,0x00000000e3afd2c0,0x00000000e4100000)
  to   space 10752K, 0% used [0x00000000e2b80000,0x00000000e2b80000,0x00000000e3600000)
 ParOldGen       total 65536K, used 9095K [0x00000000a0000000, 0x00000000a4000000, 0x00000000e0000000)
  object space 65536K, 13% used [0x00000000a0000000,0x00000000a08e1fd0,0x00000000a4000000)
 Metaspace       used 26075K, capacity 26586K, committed 26880K, reserved 1073152K
  class space    used 3538K, capacity 3742K, committed 3840K, reserved 1048576K
}
Event: 11.681 GC heap before
{Heap before GC invocations=8 (full 1):
 PSYoungGen      total 55808K, used 49652K [0x00000000e0000000, 0x00000000e4400000, 0x0000000100000000)
  eden space 44544K, 100% used [0x00000000e0000000,0x00000000e2b80000,0x00000000e2b80000)
  from space 11264K, 45% used [0x00000000e3600000,0x00000000e3afd2c0,0x00000000e4100000)
  to   space 10752K, 0% used [0x00000000e2b80000,0x00000000e2b80000,0x00000000e3600000)
 ParOldGen       total 65536K, used 9095K [0x00000000a0000000, 0x00000000a4000000, 0x00000000e0000000)
  object space 65536K, 13% used [0x00000000a0000000,0x00000000a08e1fd0,0x00000000a4000000)
 Metaspace       used 28861K, capacity 29514K, committed 29696K, reserved 1075200K
  class space    used 4048K, capacity 4292K, committed 4352K, reserved 1048576K
Event: 11.706 GC heap after
Heap after GC invocations=8 (full 1):
 PSYoungGen      total 55296K, used 8255K [0x00000000e0000000, 0x00000000e5880000, 0x0000000100000000)
  eden space 44544K, 0% used [0x00000000e0000000,0x00000000e0000000,0x00000000e2b80000)
  from space 10752K, 76% used [0x00000000e2b80000,0x00000000e338fc08,0x00000000e3600000)
  to   space 11264K, 0% used [0x00000000e4d80000,0x00000000e4d80000,0x00000000e5880000)
 ParOldGen       total 65536K, used 9103K [0x00000000a0000000, 0x00000000a4000000, 0x00000000e0000000)
  object space 65536K, 13% used [0x00000000a0000000,0x00000000a08e3fd0,0x00000000a4000000)
 Metaspace       used 28861K, capacity 29514K, committed 29696K, reserved 1075200K
  class space    used 4048K, capacity 4292K, committed 4352K, reserved 1048576K
}
Event: 16.066 GC heap before
{Heap before GC invocations=9 (full 1):
 PSYoungGen      total 55296K, used 52799K [0x00000000e0000000, 0x00000000e5880000, 0x0000000100000000)
  eden space 44544K, 100% used [0x00000000e0000000,0x00000000e2b80000,0x00000000e2b80000)
  from space 10752K, 76% used [0x00000000e2b80000,0x00000000e338fc08,0x00000000e3600000)
  to   space 11264K, 0% used [0x00000000e4d80000,0x00000000e4d80000,0x00000000e5880000)
 ParOldGen       total 65536K, used 9103K [0x00000000a0000000, 0x00000000a4000000, 0x00000000e0000000)
  object space 65536K, 13% used [0x00000000a0000000,0x00000000a08e3fd0,0x00000000a4000000)
 Metaspace       used 31426K, capacity 32042K, committed 32256K, reserved 1077248K
  class space    used 4313K, capacity 4580K, committed 4608K, reserved 1048576K
Event: 16.086 GC heap after
Heap after GC invocations=9 (full 1):
 PSYoungGen      total 76288K, used 7738K [0x00000000e0000000, 0x00000000e5700000, 0x0000000100000000)
  eden space 66560K, 0% used [0x00000000e0000000,0x00000000e0000000,0x00000000e4100000)
  from space 9728K, 79% used [0x00000000e4d80000,0x00000000e550ebe8,0x00000000e5700000)
  to   space 11264K, 0% used [0x00000000e4100000,0x00000000e4100000,0x00000000e4c00000)
 ParOldGen       total 65536K, used 9111K [0x00000000a0000000, 0x00000000a4000000, 0x00000000e0000000)
  object space 65536K, 13% used [0x00000000a0000000,0x00000000a08e5fd0,0x00000000a4000000)
 Metaspace       used 31426K, capacity 32042K, committed 32256K, reserved 1077248K
  class space    used 4313K, capacity 4580K, committed 4608K, reserved 1048576K
}
Event: 24.008 GC heap before
{Heap before GC invocations=10 (full 1):
 PSYoungGen      total 76288K, used 49192K [0x00000000e0000000, 0x00000000e5700000, 0x0000000100000000)
  eden space 66560K, 62% used [0x00000000e0000000,0x00000000e287b5b8,0x00000000e4100000)
  from space 9728K, 79% used [0x00000000e4d80000,0x00000000e550ebe8,0x00000000e5700000)
  to   space 11264K, 0% used [0x00000000e4100000,0x00000000e4100000,0x00000000e4c00000)
 ParOldGen       total 65536K, used 9111K [0x00000000a0000000, 0x00000000a4000000, 0x00000000e0000000)
  object space 65536K, 13% used [0x00000000a0000000,0x00000000a08e5fd0,0x00000000a4000000)
 Metaspace       used 34480K, capacity 35304K, committed 35416K, reserved 1079296K
  class space    used 4698K, capacity 5034K, committed 5120K, reserved 1048576K
Event: 24.036 GC heap after
Heap after GC invocations=10 (full 1):
 PSYoungGen      total 77824K, used 10237K [0x00000000e0000000, 0x00000000e5700000, 0x0000000100000000)
  eden space 66560K, 0% used [0x00000000e0000000,0x00000000e0000000,0x00000000e4100000)
  from space 11264K, 90% used [0x00000000e4100000,0x00000000e4aff7d8,0x00000000e4c00000)
  to   space 9728K, 0% used [0x00000000e4d80000,0x00000000e4d80000,0x00000000e5700000)
 ParOldGen       total 65536K, used 9183K [0x00000000a0000000, 0x00000000a4000000, 0x00000000e0000000)
  object space 65536K, 14% used [0x00000000a0000000,0x00000000a08f7fe0,0x00000000a4000000)
 Metaspace       used 34480K, capacity 35304K, committed 35416K, reserved 1079296K
  class space    used 4698K, capacity 5034K, committed 5120K, reserved 1048576K
}
Event: 24.036 GC heap before
{Heap before GC invocations=11 (full 2):
 PSYoungGen      total 77824K, used 10237K [0x00000000e0000000, 0x00000000e5700000, 0x0000000100000000)
  eden space 66560K, 0% used [0x00000000e0000000,0x00000000e0000000,0x00000000e4100000)
  from space 11264K, 90% used [0x00000000e4100000,0x00000000e4aff7d8,0x00000000e4c00000)
  to   space 9728K, 0% used [0x00000000e4d80000,0x00000000e4d80000,0x00000000e5700000)
 ParOldGen       total 65536K, used 9183K [0x00000000a0000000, 0x00000000a4000000, 0x00000000e0000000)
  object space 65536K, 14% used [0x00000000a0000000,0x00000000a08f7fe0,0x00000000a4000000)
 Metaspace       used 34480K, capacity 35304K, committed 35416K, reserved 1079296K
  class space    used 4698K, capacity 5034K, committed 5120K, reserved 1048576K
Event: 24.211 GC heap after
Heap after GC invocations=11 (full 2):
 PSYoungGen      total 77824K, used 0K [0x00000000e0000000, 0x00000000e5700000, 0x0000000100000000)
  eden space 66560K, 0% used [0x00000000e0000000,0x00000000e0000000,0x00000000e4100000)
  from space 11264K, 0% used [0x00000000e4100000,0x00000000e4100000,0x00000000e4c00000)
  to   space 9728K, 0% used [0x00000000e4d80000,0x00000000e4d80000,0x00000000e5700000)
 ParOldGen       total 65536K, used 16219K [0x00000000a0000000, 0x00000000a4000000, 0x00000000e0000000)
  object space 65536K, 24% used [0x00000000a0000000,0x00000000a0fd6e88,0x00000000a4000000)
 Metaspace       used 34480K, capacity 35304K, committed 35416K, reserved 1079296K
  class space    used 4698K, capacity 5034K, committed 5120K, reserved 1048576K
}

Deoptimization events (10 events):
Event: 25.681 Thread 0x0000000018dcb000 Uncommon trap: reason=bimorphic action=maybe_recompile pc=0x0000000002523a30 method=java.util.Hashtable.get(Ljava/lang/Object;)Ljava/lang/Object; @ 6
Event: 25.685 Thread 0x0000000018dcb000 Uncommon trap: reason=unstable_if action=reinterpret pc=0x00000000027f317c method=java.lang.CharacterDataLatin1.isWhitespace(I)Z @ 14
Event: 25.707 Thread 0x0000000018dcb000 Uncommon trap: reason=bimorphic action=maybe_recompile pc=0x0000000002523a30 method=java.util.Hashtable.get(Ljava/lang/Object;)Ljava/lang/Object; @ 6
Event: 25.709 Thread 0x0000000018dcb000 Uncommon trap: reason=bimorphic action=maybe_recompile pc=0x0000000002523a30 method=java.util.Hashtable.get(Ljava/lang/Object;)Ljava/lang/Object; @ 6
Event: 25.710 Thread 0x0000000018dcb000 Uncommon trap: reason=bimorphic action=maybe_recompile pc=0x0000000002523a30 method=java.util.Hashtable.get(Ljava/lang/Object;)Ljava/lang/Object; @ 6
Event: 25.716 Thread 0x0000000018dcb000 Uncommon trap: reason=unstable_if action=reinterpret pc=0x0000000002e37664 method=java.util.jar.JarFile.getInputStream(Ljava/util/zip/ZipEntry;)Ljava/io/InputStream; @ 37
Event: 25.718 Thread 0x0000000018dcb000 Uncommon trap: reason=unstable_if action=reinterpret pc=0x00000000026309f0 method=java.security.CodeSource.<init>(Ljava/net/URL;[Ljava/security/CodeSigner;)V @ 25
Event: 25.718 Thread 0x0000000018dcb000 Uncommon trap: reason=unstable_if action=reinterpret pc=0x0000000002965f6c method=java.security.CodeSource.getCertificates()[Ljava/security/cert/Certificate; @ 22
Event: 25.719 Thread 0x0000000018dcb000 Uncommon trap: reason=unstable_if action=reinterpret pc=0x0000000002960544 method=java.util.jar.JarFile.maybeInstantiateVerifier()V @ 75
Event: 25.721 Thread 0x0000000018dcb000 Uncommon trap: reason=unstable_if action=reinterpret pc=0x00000000030411c0 method=java.util.LinkedHashMap.get(Ljava/lang/Object;)Ljava/lang/Object; @ 20

Classes redefined (0 events):
No events

Internal exceptions (10 events):
Event: 23.842 Thread 0x0000000018dcb000 Exception <a 'java/lang/ClassNotFoundException': org/gradle/api/internal/project/ant/BasicAntBuilderBeanInfo> (0x00000000e23dbbc8) thrown at [D:\src\AOSP-openjdk-cygwin\jdk8u\hotspot\src\share\vm\classfile\systemDictionary.cpp, line 210]
Event: 23.843 Thread 0x0000000018dcb000 Exception <a 'java/lang/ClassNotFoundException': org/gradle/api/AntBuilderBeanInfo> (0x00000000e23fc140) thrown at [D:\src\AOSP-openjdk-cygwin\jdk8u\hotspot\src\share\vm\classfile\systemDictionary.cpp, line 210]
Event: 23.844 Thread 0x0000000018dcb000 Exception <a 'java/lang/ClassNotFoundException': groovy/util/AntBuilderBeanInfo> (0x00000000e241b198) thrown at [D:\src\AOSP-openjdk-cygwin\jdk8u\hotspot\src\share\vm\classfile\systemDictionary.cpp, line 210]
Event: 23.845 Thread 0x0000000018dcb000 Exception <a 'java/lang/ClassNotFoundException': groovy/util/BuilderSupportBeanInfo> (0x00000000e243b6e8) thrown at [D:\src\AOSP-openjdk-cygwin\jdk8u\hotspot\src\share\vm\classfile\systemDictionary.cpp, line 210]
Event: 23.846 Thread 0x0000000018dcb000 Exception <a 'java/lang/ClassNotFoundException': groovy/util/BuilderSupportCustomizer> (0x00000000e245dac8) thrown at [D:\src\AOSP-openjdk-cygwin\jdk8u\hotspot\src\share\vm\classfile\systemDictionary.cpp, line 210]
Event: 23.847 Thread 0x0000000018dcb000 Exception <a 'java/lang/ClassNotFoundException': groovy/util/AntBuilderCustomizer> (0x00000000e2480ca0) thrown at [D:\src\AOSP-openjdk-cygwin\jdk8u\hotspot\src\share\vm\classfile\systemDictionary.cpp, line 210]
Event: 23.849 Thread 0x0000000018dcb000 Exception <a 'java/lang/ClassNotFoundException': org/gradle/api/AntBuilderCustomizer> (0x00000000e24a9080) thrown at [D:\src\AOSP-openjdk-cygwin\jdk8u\hotspot\src\share\vm\classfile\systemDictionary.cpp, line 210]
Event: 23.850 Thread 0x0000000018dcb000 Exception <a 'java/lang/ClassNotFoundException': org/gradle/api/internal/project/ant/BasicAntBuilderCustomizer> (0x00000000e24e5440) thrown at [D:\src\AOSP-openjdk-cygwin\jdk8u\hotspot\src\share\vm\classfile\systemDictionary.cpp, line 210]
Event: 23.853 Thread 0x0000000018dcb000 Exception <a 'java/lang/ClassNotFoundException': org/gradle/api/internal/project/DefaultAntBuilderCustomizer> (0x00000000e2528328) thrown at [D:\src\AOSP-openjdk-cygwin\jdk8u\hotspot\src\share\vm\classfile\systemDictionary.cpp, line 210]
Event: 25.644 Thread 0x0000000018dcb000 Implicit null exception at 0x0000000002564a28 to 0x0000000002564b61

Events (10 events):
Event: 25.873 loading class com/android/build/gradle/internal/dsl/JackOptions
Event: 25.873 loading class com/android/build/gradle/internal/dsl/JackOptions done
Event: 25.874 loading class com/android/build/gradle/internal/dsl/JavaCompileOptions
Event: 25.874 loading class com/android/build/gradle/internal/dsl/JavaCompileOptions done
Event: 25.874 loading class com/android/build/gradle/internal/dsl/NdkOptions
Event: 25.874 loading class com/android/build/gradle/internal/dsl/NdkOptions done
Event: 25.875 loading class com/android/build/gradle/internal/dsl/ExternalNativeBuildOptions
Event: 25.875 loading class com/android/build/gradle/internal/dsl/ExternalNativeBuildOptions done
Event: 25.875 loading class com/android/builder/core/DefaultProductFlavor$DimensionRequest
Event: 25.875 loading class com/android/builder/core/DefaultProductFlavor$DimensionRequest done


Dynamic libraries:
0x00007ff70ebf0000 - 0x00007ff70ec21000 	C:\Program Files\Android\Android Studio\jre\bin\java.exe
0x00007ff9882b0000 - 0x00007ff988472000 	C:\Windows\SYSTEM32\ntdll.dll
0x00007ff9849d0000 - 0x00007ff984a7d000 	C:\Windows\system32\KERNEL32.DLL
0x00007ff984360000 - 0x00007ff98453d000 	C:\Windows\system32\KERNELBASE.dll
0x00007ff984920000 - 0x00007ff9849c6000 	C:\Windows\system32\ADVAPI32.dll
0x00007ff985320000 - 0x00007ff9853bd000 	C:\Windows\system32\msvcrt.dll
0x00007ff984ff0000 - 0x00007ff98504b000 	C:\Windows\system32\sechost.dll
0x00007ff9845f0000 - 0x00007ff984716000 	C:\Windows\system32\RPCRT4.dll
0x00007ff9868f0000 - 0x00007ff986a3e000 	C:\Windows\system32\USER32.dll
0x00007ff986be0000 - 0x00007ff986d65000 	C:\Windows\system32\GDI32.dll
0x00007ff97ab70000 - 0x00007ff97ade4000 	C:\Windows\WinSxS\amd64_microsoft.windows.common-controls_6595b64144ccf1df_6.0.10240.16384_none_f41f7b285750ef43\COMCTL32.dll
0x00007ff9852d0000 - 0x00007ff985306000 	C:\Windows\system32\IMM32.DLL
0x00007ff984b10000 - 0x00007ff984c6c000 	C:\Windows\system32\MSCTF.dll
0x00000000759a0000 - 0x0000000075a72000 	C:\Program Files\Android\Android Studio\jre\jre\bin\msvcr100.dll
0x0000000074ba0000 - 0x00000000753de000 	C:\Program Files\Android\Android Studio\jre\jre\bin\server\jvm.dll
0x00007ff984ae0000 - 0x00007ff984ae8000 	C:\Windows\system32\PSAPI.DLL
0x00007ff988260000 - 0x00007ff988269000 	C:\Windows\SYSTEM32\WSOCK32.dll
0x00007ff97b570000 - 0x00007ff97b593000 	C:\Windows\SYSTEM32\WINMM.dll
0x00007ff986e50000 - 0x00007ff986eb9000 	C:\Windows\system32\WS2_32.dll
0x00007ff986b60000 - 0x00007ff986b68000 	C:\Windows\system32\NSI.dll
0x00007ff97ab60000 - 0x00007ff97ab6a000 	C:\Windows\SYSTEM32\VERSION.dll
0x00000000020c0000 - 0x00000000020ec000 	C:\Windows\SYSTEM32\WINMMBASE.dll
0x00007ff984020000 - 0x00007ff984064000 	C:\Windows\system32\cfgmgr32.dll
0x00007ff9822c0000 - 0x00007ff9822e7000 	C:\Windows\SYSTEM32\DEVOBJ.dll
0x00007ff987340000 - 0x00007ff98734f000 	C:\Program Files\Android\Android Studio\jre\jre\bin\verify.dll
0x00007ff9807d0000 - 0x00007ff9807f9000 	C:\Program Files\Android\Android Studio\jre\jre\bin\java.dll
0x00007ff987620000 - 0x00007ff987636000 	C:\Program Files\Android\Android Studio\jre\jre\bin\zip.dll
0x00007ff9853c0000 - 0x00007ff9868e5000 	C:\Windows\system32\SHELL32.dll
0x00007ff9839f0000 - 0x00007ff984018000 	C:\Windows\system32\windows.storage.dll
0x00007ff985050000 - 0x00007ff9852cc000 	C:\Windows\system32\combase.dll
0x00007ff986a40000 - 0x00007ff986a91000 	C:\Windows\system32\shlwapi.dll
0x00007ff9839e0000 - 0x00007ff9839ef000 	C:\Windows\system32\kernel.appcore.dll
0x00007ff9842a0000 - 0x00007ff984353000 	C:\Windows\system32\shcore.dll
0x00007ff983970000 - 0x00007ff9839ba000 	C:\Windows\system32\powrprof.dll
0x00007ff983950000 - 0x00007ff983963000 	C:\Windows\system32\profapi.dll
0x00007ff982050000 - 0x00007ff98206a000 	C:\Program Files\Android\Android Studio\jre\jre\bin\net.dll
0x00007ff9831c0000 - 0x00007ff98321d000 	C:\Windows\system32\mswsock.dll
0x00007ff9809b0000 - 0x00007ff9809c1000 	C:\Program Files\Android\Android Studio\jre\jre\bin\nio.dll
0x00007ff9820c0000 - 0x00007ff9820de000 	C:\Users\USER\.gradle\native\25\windows-amd64\native-platform.dll
0x00007ff980840000 - 0x00007ff98084d000 	C:\Program Files\Android\Android Studio\jre\jre\bin\management.dll
0x00007ff983350000 - 0x00007ff983367000 	C:\Windows\SYSTEM32\CRYPTSP.dll
0x00007ff983490000 - 0x00007ff9834b8000 	C:\Windows\SYSTEM32\bcrypt.dll
0x00007ff982e40000 - 0x00007ff982e73000 	C:\Windows\system32\rsaenh.dll
0x00007ff982f10000 - 0x00007ff982f2f000 	C:\Windows\SYSTEM32\USERENV.dll
0x00007ff9837a0000 - 0x00007ff98380b000 	C:\Windows\system32\bcryptprimitives.dll
0x00007ff983390000 - 0x00007ff98339b000 	C:\Windows\SYSTEM32\CRYPTBASE.dll
0x00007ff97e9b0000 - 0x00007ff97e9e8000 	C:\Windows\SYSTEM32\IPHLPAPI.DLL
0x00007ff97eb60000 - 0x00007ff97eb6b000 	C:\Windows\SYSTEM32\WINNSI.DLL
0x00007ff97e7e0000 - 0x00007ff97e7f6000 	C:\Windows\SYSTEM32\dhcpcsvc6.DLL
0x00007ff97e7c0000 - 0x00007ff97e7da000 	C:\Windows\SYSTEM32\dhcpcsvc.DLL

VM Arguments:
jvm_args: -Xmx1536m -Dfile.encoding=windows-1252 -Duser.country=US -Duser.language=en -Duser.variant 
java_command: org.gradle.launcher.daemon.bootstrap.GradleDaemon 4.1
java_class_path (initial): C:\Users\USER\.gradle\wrapper\dists\gradle-4.1-all\bzyivzo6n839fup2jbap0tjew\gradle-4.1\lib\gradle-launcher-4.1.jar
Launcher Type: SUN_STANDARD

Environment Variables:
PATH=C:\Windows\system32;C:\Windows;C:\Windows\System32\Wbem;C:\Windows\System32\WindowsPowerShell\v1.0\;C:\Program Files\Git\cmd
USERNAME=USER
OS=Windows_NT
PROCESSOR_IDENTIFIER=Intel64 Family 6 Model 58 Stepping 9, GenuineIntel



---------------  S Y S T E M  ---------------

OS: Windows 10.0 , 64 bit Build 10240 (10.0.10240.16384)

CPU:total 4 (initial active 4) (2 cores per cpu, 2 threads per core) family 6 model 58 stepping 9, cmov, cx8, fxsr, mmx, sse, sse2, sse3, ssse3, sse4.1, sse4.2, popcnt, avx, aes, clmul, erms, ht, tsc, tscinvbit, tscinv

Memory: 4k page, physical 8104040k(1713728k free), swap 33269864k(5264k free)

vm_info: OpenJDK 64-Bit Server VM (25.152-b01) for windows-amd64 JRE (1.8.0_152-release-915-b01), built by "builder" with MS VC++ 10.0 (VS2010)

time: Mon Jan 22 22:05:47 2018
elapsed time: 25 seconds (0d 0h 0m 25s)

